kotlin version: 2.0.0
error message: org.jetbrains.kotlin.backend.common.BackendException: Backend Internal error: Exception during IR lowering
File being compiled: /Users/admin/Documents/PokeX/features/minipokedex/src/main/java/com/dve/sari/minipokedex/ui/home/HomeScreen.kt
The root cause java.lang.RuntimeException was thrown at: org.jetbrains.kotlin.backend.jvm.codegen.FunctionCodegen.generate(FunctionCodegen.kt:50)
	at org.jetbrains.kotlin.backend.common.CodegenUtil.reportBackendException(CodegenUtil.kt:253)
	at org.jetbrains.kotlin.backend.common.CodegenUtil.reportBackendException$default(CodegenUtil.kt:236)
	at org.jetbrains.kotlin.backend.common.phaser.PerformByIrFilePhase.invokeSequential(performByIrFile.kt:65)
	at org.jetbrains.kotlin.backend.common.phaser.PerformByIrFilePhase.invoke(performByIrFile.kt:52)
	at org.jetbrains.kotlin.backend.common.phaser.PerformByIrFilePhase.invoke(performByIrFile.kt:38)
	at org.jetbrains.kotlin.backend.common.phaser.NamedCompilerPhase.phaseBody(CompilerPhase.kt:166)
	at org.jetbrains.kotlin.backend.common.phaser.AbstractNamedCompilerPhase.invoke(CompilerPhase.kt:113)
	at org.jetbrains.kotlin.backend.common.phaser.CompositePhase.invoke(PhaseBuilders.kt:29)
	at org.jetbrains.kotlin.backend.common.phaser.CompositePhase.invoke(PhaseBuilders.kt:16)
	at org.jetbrains.kotlin.backend.common.phaser.NamedCompilerPhase.phaseBody(CompilerPhase.kt:166)
	at org.jetbrains.kotlin.backend.common.phaser.AbstractNamedCompilerPhase.invoke(CompilerPhase.kt:113)
	at org.jetbrains.kotlin.backend.common.phaser.CompilerPhaseKt.invokeToplevel(CompilerPhase.kt:62)
	at org.jetbrains.kotlin.backend.jvm.JvmIrCodegenFactory.invokeCodegen(JvmIrCodegenFactory.kt:371)
	at org.jetbrains.kotlin.codegen.CodegenFactory.generateModule(CodegenFactory.kt:47)
	at org.jetbrains.kotlin.backend.jvm.JvmIrCodegenFactory.generateModuleInFrontendIRMode(JvmIrCodegenFactory.kt:433)
	at org.jetbrains.kotlin.cli.jvm.compiler.pipeline.JvmCompilerPipelineKt.generateCodeFromIr(jvmCompilerPipeline.kt:241)
	at org.jetbrains.kotlin.cli.jvm.compiler.pipeline.JvmCompilerPipelineKt.compileModulesUsingFrontendIrAndLightTree(jvmCompilerPipeline.kt:140)
	at org.jetbrains.kotlin.cli.jvm.K2JVMCompiler.doExecute(K2JVMCompiler.kt:155)
	at org.jetbrains.kotlin.cli.jvm.K2JVMCompiler.doExecute(K2JVMCompiler.kt:50)
	at org.jetbrains.kotlin.cli.common.CLICompiler.execImpl(CLICompiler.kt:104)
	at org.jetbrains.kotlin.cli.common.CLICompiler.execImpl(CLICompiler.kt:48)
	at org.jetbrains.kotlin.cli.common.CLITool.exec(CLITool.kt:101)
	at org.jetbrains.kotlin.incremental.IncrementalJvmCompilerRunner.runCompiler(IncrementalJvmCompilerRunner.kt:453)
	at org.jetbrains.kotlin.incremental.IncrementalJvmCompilerRunner.runCompiler(IncrementalJvmCompilerRunner.kt:62)
	at org.jetbrains.kotlin.incremental.IncrementalCompilerRunner.doCompile(IncrementalCompilerRunner.kt:506)
	at org.jetbrains.kotlin.incremental.IncrementalCompilerRunner.compileImpl(IncrementalCompilerRunner.kt:423)
	at org.jetbrains.kotlin.incremental.IncrementalCompilerRunner.compileNonIncrementally(IncrementalCompilerRunner.kt:301)
	at org.jetbrains.kotlin.incremental.IncrementalCompilerRunner.compile(IncrementalCompilerRunner.kt:129)
	at org.jetbrains.kotlin.daemon.CompileServiceImplBase.execIncrementalCompiler(CompileServiceImpl.kt:676)
	at org.jetbrains.kotlin.daemon.CompileServiceImplBase.access$execIncrementalCompiler(CompileServiceImpl.kt:92)
	at org.jetbrains.kotlin.daemon.CompileServiceImpl.compile(CompileServiceImpl.kt:1661)
	at java.base/jdk.internal.reflect.DirectMethodHandleAccessor.invoke(Unknown Source)
	at java.base/java.lang.reflect.Method.invoke(Unknown Source)
	at java.rmi/sun.rmi.server.UnicastServerRef.dispatch(Unknown Source)
	at java.rmi/sun.rmi.transport.Transport$1.run(Unknown Source)
	at java.rmi/sun.rmi.transport.Transport$1.run(Unknown Source)
	at java.base/java.security.AccessController.doPrivileged(Unknown Source)
	at java.rmi/sun.rmi.transport.Transport.serviceCall(Unknown Source)
	at java.rmi/sun.rmi.transport.tcp.TCPTransport.handleMessages(Unknown Source)
	at java.rmi/sun.rmi.transport.tcp.TCPTransport$ConnectionHandler.run0(Unknown Source)
	at java.rmi/sun.rmi.transport.tcp.TCPTransport$ConnectionHandler.lambda$run$0(Unknown Source)
	at java.base/java.security.AccessController.doPrivileged(Unknown Source)
	at java.rmi/sun.rmi.transport.tcp.TCPTransport$ConnectionHandler.run(Unknown Source)
	at java.base/java.util.concurrent.ThreadPoolExecutor.runWorker(Unknown Source)
	at java.base/java.util.concurrent.ThreadPoolExecutor$Worker.run(Unknown Source)
	at java.base/java.lang.Thread.run(Unknown Source)
Caused by: java.lang.RuntimeException: Exception while generating code for:
FUN name:HomeScreen visibility:public modality:FINAL <> (modifier:androidx.compose.ui.Modifier, onItemClicked:kotlin.Function1<kotlin.String, kotlin.Unit>) returnType:kotlin.Unit
  annotations:
    Composable
  VALUE_PARAMETER name:modifier index:0 type:androidx.compose.ui.Modifier
    EXPRESSION_BODY
      ERROR_EXPR 'Default Stub' type=androidx.compose.ui.Modifier
  VALUE_PARAMETER name:onItemClicked index:1 type:kotlin.Function1<kotlin.String, kotlin.Unit>
  BLOCK_BODY
    VAR name:viewModel type:com.dve.sari.minipokedex.ui.home.HomeViewModel [val]
      TYPE_OP type=com.dve.sari.minipokedex.ui.home.HomeViewModel origin=IMPLICIT_CAST typeOperand=com.dve.sari.minipokedex.ui.home.HomeViewModel
        CALL 'public final fun hiltViewModel$default <VM> (viewModelStoreOwner: androidx.lifecycle.ViewModelStoreOwner?, key: kotlin.String?, $mask0: kotlin.Int, $handler: kotlin.Any?): VM of androidx.hilt.navigation.compose.HiltViewModelKt.hiltViewModel$default [inline] declared in androidx.hilt.navigation.compose.HiltViewModelKt' type=VM of androidx.hilt.navigation.compose.HiltViewModelKt.hiltViewModel$default origin=DEFAULT_DISPATCH_CALL
          <VM>: com.dve.sari.minipokedex.ui.home.HomeViewModel
          viewModelStoreOwner: COMPOSITE type=androidx.lifecycle.ViewModelStoreOwner? origin=DEFAULT_VALUE
            CONST Null type=androidx.lifecycle.ViewModelStoreOwner? value=null
          key: COMPOSITE type=kotlin.String? origin=DEFAULT_VALUE
            CONST Null type=kotlin.String? value=null
          $mask0: CONST Int type=kotlin.Int value=3
          $handler: CONST Null type=kotlin.Any? value=null
    VAR PROPERTY_DELEGATE name:state$delegate type:androidx.compose.runtime.State<com.dve.sari.minipokedex.ui.home.CharactersUIState> [val]
      TYPE_OP type=androidx.compose.runtime.State<com.dve.sari.minipokedex.ui.home.CharactersUIState> origin=IMPLICIT_CAST typeOperand=androidx.compose.runtime.State<com.dve.sari.minipokedex.ui.home.CharactersUIState>
        CALL 'public final fun collectAsStateWithLifecycle$default <T> (lifecycleOwner: androidx.lifecycle.LifecycleOwner?, minActiveState: androidx.lifecycle.Lifecycle.State?, context: kotlin.coroutines.CoroutineContext?, $mask0: kotlin.Int, $handler: kotlin.Any?): androidx.compose.runtime.State<T of androidx.lifecycle.compose.FlowExtKt.collectAsStateWithLifecycle$default> declared in androidx.lifecycle.compose.FlowExtKt' type=androidx.compose.runtime.State<T of androidx.lifecycle.compose.FlowExtKt.collectAsStateWithLifecycle$default> origin=DEFAULT_DISPATCH_CALL
          <T>: com.dve.sari.minipokedex.ui.home.CharactersUIState
          $receiver: CALL 'public final fun <get-uiState> (): kotlinx.coroutines.flow.StateFlow<com.dve.sari.minipokedex.ui.home.CharactersUIState> declared in com.dve.sari.minipokedex.ui.home.HomeViewModel' type=kotlinx.coroutines.flow.StateFlow<com.dve.sari.minipokedex.ui.home.CharactersUIState> origin=GET_PROPERTY
            $this: GET_VAR 'val viewModel: com.dve.sari.minipokedex.ui.home.HomeViewModel [val] declared in com.dve.sari.minipokedex.ui.home.HomeScreenKt.HomeScreen' type=com.dve.sari.minipokedex.ui.home.HomeViewModel origin=null
          lifecycleOwner: COMPOSITE type=androidx.lifecycle.LifecycleOwner? origin=DEFAULT_VALUE
            CONST Null type=androidx.lifecycle.LifecycleOwner? value=null
          minActiveState: COMPOSITE type=androidx.lifecycle.Lifecycle.State? origin=DEFAULT_VALUE
            CONST Null type=androidx.lifecycle.Lifecycle.State? value=null
          context: COMPOSITE type=kotlin.coroutines.CoroutineContext? origin=DEFAULT_VALUE
            CONST Null type=kotlin.coroutines.CoroutineContext? value=null
          $mask0: CONST Int type=kotlin.Int value=7
          $handler: CONST Null type=kotlin.Any? value=null
    VAR PROPERTY_DELEGATE name:items$delegate type:androidx.compose.runtime.MutableState<kotlin.collections.List<com.dve.sari.minipokedex.domain.model.PokemonListing>> [val]
      CALL 'public final fun remember <T> (calculation: @[DisallowComposableCalls] kotlin.Function0<T of androidx.compose.runtime.ComposablesKt.remember>): T of androidx.compose.runtime.ComposablesKt.remember [inline] declared in androidx.compose.runtime.ComposablesKt' type=androidx.compose.runtime.MutableState<kotlin.collections.List<com.dve.sari.minipokedex.domain.model.PokemonListing>> origin=null
        <T>: androidx.compose.runtime.MutableState<kotlin.collections.List<com.dve.sari.minipokedex.domain.model.PokemonListing>>
        calculation: BLOCK type=kotlin.Function0<androidx.compose.runtime.MutableState<kotlin.collections.List<com.dve.sari.minipokedex.domain.model.PokemonListing>>> origin=LAMBDA
          COMPOSITE type=kotlin.Unit origin=null
          FUNCTION_REFERENCE 'private final fun HomeScreen$lambda$2 (): androidx.compose.runtime.MutableState<kotlin.collections.List<com.dve.sari.minipokedex.domain.model.PokemonListing>> declared in com.dve.sari.minipokedex.ui.home.HomeScreenKt' type=kotlin.Function0<androidx.compose.runtime.MutableState<kotlin.collections.List<com.dve.sari.minipokedex.domain.model.PokemonListing>>> origin=INLINE_LAMBDA reflectionTarget=null
    VAR PROPERTY_DELEGATE name:showBottomSheet$delegate type:androidx.compose.runtime.MutableState<kotlin.Boolean> [val]
      CALL 'public final fun remember <T> (calculation: @[DisallowComposableCalls] kotlin.Function0<T of androidx.compose.runtime.ComposablesKt.remember>): T of androidx.compose.runtime.ComposablesKt.remember [inline] declared in androidx.compose.runtime.ComposablesKt' type=androidx.compose.runtime.MutableState<kotlin.Boolean> origin=null
        <T>: androidx.compose.runtime.MutableState<kotlin.Boolean>
        calculation: BLOCK type=kotlin.Function0<androidx.compose.runtime.MutableState<kotlin.Boolean>> origin=LAMBDA
          COMPOSITE type=kotlin.Unit origin=null
          FUNCTION_REFERENCE 'private final fun HomeScreen$lambda$5 (): androidx.compose.runtime.MutableState<kotlin.Boolean> declared in com.dve.sari.minipokedex.ui.home.HomeScreenKt' type=kotlin.Function0<androidx.compose.runtime.MutableState<kotlin.Boolean>> origin=INLINE_LAMBDA reflectionTarget=null
    VAR name:scrollState type:androidx.compose.foundation.ScrollState [val]
      CALL 'public final fun rememberScrollState$default (initial: kotlin.Int, $mask0: kotlin.Int, $handler: kotlin.Any?): androidx.compose.foundation.ScrollState declared in androidx.compose.foundation.ScrollKt' type=androidx.compose.foundation.ScrollState origin=DEFAULT_DISPATCH_CALL
        initial: COMPOSITE type=kotlin.Int origin=DEFAULT_VALUE
          CONST Int type=kotlin.Int value=0
        $mask0: CONST Int type=kotlin.Int value=1
        $handler: CONST Null type=kotlin.Any? value=null
    CALL 'public final fun Column$default (modifier: androidx.compose.ui.Modifier?, verticalArrangement: androidx.compose.foundation.layout.Arrangement.Vertical?, horizontalAlignment: androidx.compose.ui.Alignment.Horizontal?, content: @[Composable] @[ExtensionFunctionType] kotlin.Function1<androidx.compose.foundation.layout.ColumnScope, kotlin.Unit>, $mask0: kotlin.Int, $handler: kotlin.Any?): kotlin.Unit [inline] declared in androidx.compose.foundation.layout.ColumnKt' type=kotlin.Unit origin=DEFAULT_DISPATCH_CALL
      modifier: CALL 'public final fun padding-3ABfNKs (all: androidx.compose.ui.unit.Dp): androidx.compose.ui.Modifier declared in androidx.compose.foundation.layout.PaddingKt' type=androidx.compose.ui.Modifier origin=null
        $receiver: CALL 'public final fun fillMaxSize$default (fraction: kotlin.Float, $mask0: kotlin.Int, $handler: kotlin.Any?): androidx.compose.ui.Modifier declared in androidx.compose.foundation.layout.SizeKt' type=androidx.compose.ui.Modifier origin=DEFAULT_DISPATCH_CALL
          $receiver: GET_VAR 'modifier: androidx.compose.ui.Modifier declared in com.dve.sari.minipokedex.ui.home.HomeScreenKt.HomeScreen' type=androidx.compose.ui.Modifier origin=null
          fraction: COMPOSITE type=kotlin.Float origin=DEFAULT_VALUE
            CONST Float type=kotlin.Float value=0.0
          $mask0: CONST Int type=kotlin.Int value=1
          $handler: CONST Null type=kotlin.Any? value=null
        all: CALL 'public final fun <get-dp> (): androidx.compose.ui.unit.Dp [inline] declared in androidx.compose.ui.unit.DpKt' type=androidx.compose.ui.unit.Dp origin=GET_PROPERTY
          $receiver: CONST Int type=kotlin.Int value=16
      verticalArrangement: COMPOSITE type=androidx.compose.foundation.layout.Arrangement.Vertical? origin=DEFAULT_VALUE
        CONST Null type=androidx.compose.foundation.layout.Arrangement.Vertical? value=null
      horizontalAlignment: COMPOSITE type=androidx.compose.ui.Alignment.Horizontal? origin=DEFAULT_VALUE
        CONST Null type=androidx.compose.ui.Alignment.Horizontal? value=null
      content: BLOCK type=@[ExtensionFunctionType] kotlin.Function1<androidx.compose.foundation.layout.ColumnScope, kotlin.Unit> origin=LAMBDA
        COMPOSITE type=kotlin.Unit origin=null
        FUNCTION_REFERENCE 'private final fun HomeScreen$lambda$11 ($modifier: androidx.compose.ui.Modifier, $scrollState: androidx.compose.foundation.ScrollState, $onItemClicked: kotlin.Function1<kotlin.String, kotlin.Unit>, $state$delegate: androidx.compose.runtime.State<com.dve.sari.minipokedex.ui.home.CharactersUIState>, $showBottomSheet$delegate: androidx.compose.runtime.MutableState<kotlin.Boolean>, $items$delegate: androidx.compose.runtime.MutableState<kotlin.collections.List<com.dve.sari.minipokedex.domain.model.PokemonListing>>): kotlin.Unit declared in com.dve.sari.minipokedex.ui.home.HomeScreenKt' type=@[ExtensionFunctionType] kotlin.Function1<androidx.compose.foundation.layout.ColumnScope, kotlin.Unit> origin=INLINE_LAMBDA reflectionTarget=null
          $modifier: GET_VAR 'modifier: androidx.compose.ui.Modifier declared in com.dve.sari.minipokedex.ui.home.HomeScreenKt.HomeScreen' type=androidx.compose.ui.Modifier origin=null
          $scrollState: GET_VAR 'val scrollState: androidx.compose.foundation.ScrollState [val] declared in com.dve.sari.minipokedex.ui.home.HomeScreenKt.HomeScreen' type=androidx.compose.foundation.ScrollState origin=null
          $onItemClicked: GET_VAR 'onItemClicked: kotlin.Function1<kotlin.String, kotlin.Unit> declared in com.dve.sari.minipokedex.ui.home.HomeScreenKt.HomeScreen' type=kotlin.Function1<kotlin.String, kotlin.Unit> origin=null
          $state$delegate: GET_VAR 'val state$delegate: androidx.compose.runtime.State<com.dve.sari.minipokedex.ui.home.CharactersUIState> [val] declared in com.dve.sari.minipokedex.ui.home.HomeScreenKt.HomeScreen' type=androidx.compose.runtime.State<com.dve.sari.minipokedex.ui.home.CharactersUIState> origin=null
          $showBottomSheet$delegate: GET_VAR 'val showBottomSheet$delegate: androidx.compose.runtime.MutableState<kotlin.Boolean> [val] declared in com.dve.sari.minipokedex.ui.home.HomeScreenKt.HomeScreen' type=androidx.compose.runtime.MutableState<kotlin.Boolean> origin=null
          $items$delegate: GET_VAR 'val items$delegate: androidx.compose.runtime.MutableState<kotlin.collections.List<com.dve.sari.minipokedex.domain.model.PokemonListing>> [val] declared in com.dve.sari.minipokedex.ui.home.HomeScreenKt.HomeScreen' type=androidx.compose.runtime.MutableState<kotlin.collections.List<com.dve.sari.minipokedex.domain.model.PokemonListing>> origin=null
      $mask0: CONST Int type=kotlin.Int value=6
      $handler: CONST Null type=kotlin.Any? value=null

	at org.jetbrains.kotlin.backend.jvm.codegen.FunctionCodegen.generate(FunctionCodegen.kt:50)
	at org.jetbrains.kotlin.backend.jvm.codegen.FunctionCodegen.generate$default(FunctionCodegen.kt:42)
	at org.jetbrains.kotlin.backend.jvm.codegen.ClassCodegen.generateMethodNode(ClassCodegen.kt:385)
	at org.jetbrains.kotlin.backend.jvm.codegen.ClassCodegen.generateMethod(ClassCodegen.kt:402)
	at org.jetbrains.kotlin.backend.jvm.codegen.ClassCodegen.generate(ClassCodegen.kt:169)
	at org.jetbrains.kotlin.backend.jvm.FileCodegen.lower(JvmPhases.kt:41)
	at org.jetbrains.kotlin.backend.common.phaser.PhaseBuildersKt.makeIrFilePhase$lambda$5(PhaseBuilders.kt:114)
	at org.jetbrains.kotlin.backend.common.phaser.PhaseBuildersKt$createSimpleNamedCompilerPhase$1.phaseBody(PhaseBuilders.kt:71)
	at org.jetbrains.kotlin.backend.common.phaser.SimpleNamedCompilerPhase.phaseBody(CompilerPhase.kt:226)
	at org.jetbrains.kotlin.backend.common.phaser.AbstractNamedCompilerPhase.invoke(CompilerPhase.kt:113)
	at org.jetbrains.kotlin.backend.common.phaser.PerformByIrFilePhase.invokeSequential(performByIrFile.kt:62)
	... 43 more
Caused by: org.jetbrains.kotlin.codegen.CompilationException: Back-end (JVM) Internal error: Couldn't inline method call: CALL 'public final fun hiltViewModel$default <VM> (viewModelStoreOwner: androidx.lifecycle.ViewModelStoreOwner?, key: kotlin.String?, $mask0: kotlin.Int, $handler: kotlin.Any?): VM of androidx.hilt.navigation.compose.HiltViewModelKt.hiltViewModel$default [inline] declared in androidx.hilt.navigation.compose.HiltViewModelKt' type=VM of androidx.hilt.navigation.compose.HiltViewModelKt.hiltViewModel$default origin=DEFAULT_DISPATCH_CALL
Method: null
File is unknown
The root cause java.lang.IllegalStateException was thrown at: org.jetbrains.kotlin.codegen.inline.SourceCompilerForInlineKt.getMethodNode(SourceCompilerForInline.kt:118)
	at org.jetbrains.kotlin.codegen.inline.InlineCodegen.performInline(InlineCodegen.kt:65)
	at org.jetbrains.kotlin.backend.jvm.codegen.IrInlineCodegen.genInlineCall(IrInlineCodegen.kt:162)
	at org.jetbrains.kotlin.backend.jvm.codegen.IrInlineCallGenerator.genCall(IrInlineCallGenerator.kt:36)
	at org.jetbrains.kotlin.backend.jvm.codegen.ExpressionCodegen.visitCall(ExpressionCodegen.kt:647)
	at org.jetbrains.kotlin.backend.jvm.codegen.ExpressionCodegen.visitCall(ExpressionCodegen.kt:137)
	at org.jetbrains.kotlin.ir.expressions.IrCall.accept(IrCall.kt:24)
	at org.jetbrains.kotlin.backend.jvm.codegen.ExpressionCodegen.visitTypeOperator(ExpressionCodegen.kt:1121)
	at org.jetbrains.kotlin.backend.jvm.codegen.ExpressionCodegen.visitTypeOperator(ExpressionCodegen.kt:137)
	at org.jetbrains.kotlin.ir.expressions.IrTypeOperatorCall.accept(IrTypeOperatorCall.kt:26)
	at org.jetbrains.kotlin.backend.jvm.codegen.ExpressionCodegen.visitVariable(ExpressionCodegen.kt:784)
	at org.jetbrains.kotlin.backend.jvm.codegen.ExpressionCodegen.visitVariable(ExpressionCodegen.kt:137)
	at org.jetbrains.kotlin.ir.declarations.IrVariable.accept(IrVariable.kt:36)
	at org.jetbrains.kotlin.backend.jvm.codegen.ExpressionCodegen.visitStatementContainer(ExpressionCodegen.kt:573)
	at org.jetbrains.kotlin.backend.jvm.codegen.ExpressionCodegen.visitBlockBody(ExpressionCodegen.kt:578)
	at org.jetbrains.kotlin.backend.jvm.codegen.ExpressionCodegen.visitBlockBody(ExpressionCodegen.kt:137)
	at org.jetbrains.kotlin.ir.expressions.IrBlockBody.accept(IrBlockBody.kt:20)
	at org.jetbrains.kotlin.backend.jvm.codegen.ExpressionCodegen.generate(ExpressionCodegen.kt:239)
	at org.jetbrains.kotlin.backend.jvm.codegen.FunctionCodegen.doGenerate(FunctionCodegen.kt:121)
	at org.jetbrains.kotlin.backend.jvm.codegen.FunctionCodegen.generate(FunctionCodegen.kt:46)
	... 53 more
Caused by: java.lang.IllegalStateException: couldn't find inline method Landroidx/hilt/navigation/compose/HiltViewModelKt;.hiltViewModel$default(Landroidx/lifecycle/ViewModelStoreOwner;Ljava/lang/String;ILjava/lang/Object;)Landroidx/lifecycle/ViewModel;
	at org.jetbrains.kotlin.codegen.inline.SourceCompilerForInlineKt.getMethodNode(SourceCompilerForInline.kt:118)
	at org.jetbrains.kotlin.codegen.inline.SourceCompilerForInlineKt.loadCompiledInlineFunction(SourceCompilerForInline.kt:96)
	at org.jetbrains.kotlin.backend.jvm.codegen.IrSourceCompilerForInline.compileInlineFunction(IrSourceCompilerForInline.kt:91)
	at org.jetbrains.kotlin.codegen.inline.InlineCodegen.compileInline(InlineCodegen.kt:43)
	at org.jetbrains.kotlin.codegen.inline.InlineCodegen.performInline(InlineCodegen.kt:51)
	... 71 more


